Generated at 2017-08-31 08:26:41 +0000
Chef::Exceptions::CannotWritePrivateKey: I can't write your private key to /etc/chef/client.pem - check permissions?
/opt/chefdk/embedded/lib/ruby/gems/2.4.0/gems/chef-13.2.20/lib/chef/api_client/registration.rb:74:in `assert_destination_writable!'
/opt/chefdk/embedded/lib/ruby/gems/2.4.0/gems/chef-13.2.20/lib/chef/api_client/registration.rb:54:in `run'
/opt/chefdk/embedded/lib/ruby/gems/2.4.0/gems/chef-13.2.20/lib/chef/client.rb:666:in `register'
/opt/chefdk/embedded/lib/ruby/gems/2.4.0/gems/chef-13.2.20/lib/chef/client.rb:267:in `run'
/opt/chefdk/embedded/lib/ruby/gems/2.4.0/gems/chef-13.2.20/lib/chef/application.rb:291:in `block in fork_chef_client'
/opt/chefdk/embedded/lib/ruby/gems/2.4.0/gems/chef-13.2.20/lib/chef/application.rb:279:in `fork'
/opt/chefdk/embedded/lib/ruby/gems/2.4.0/gems/chef-13.2.20/lib/chef/application.rb:279:in `fork_chef_client'
/opt/chefdk/embedded/lib/ruby/gems/2.4.0/gems/chef-13.2.20/lib/chef/application.rb:244:in `block in run_chef_client'
/opt/chefdk/embedded/lib/ruby/gems/2.4.0/gems/chef-13.2.20/lib/chef/local_mode.rb:44:in `with_server_connectivity'
/opt/chefdk/embedded/lib/ruby/gems/2.4.0/gems/chef-13.2.20/lib/chef/application.rb:232:in `run_chef_client'
/opt/chefdk/embedded/lib/ruby/gems/2.4.0/gems/chef-13.2.20/lib/chef/application/client.rb:469:in `sleep_then_run_chef_client'
/opt/chefdk/embedded/lib/ruby/gems/2.4.0/gems/chef-13.2.20/lib/chef/application/client.rb:458:in `block in interval_run_chef_client'
/opt/chefdk/embedded/lib/ruby/gems/2.4.0/gems/chef-13.2.20/lib/chef/application/client.rb:457:in `loop'
/opt/chefdk/embedded/lib/ruby/gems/2.4.0/gems/chef-13.2.20/lib/chef/application/client.rb:457:in `interval_run_chef_client'
/opt/chefdk/embedded/lib/ruby/gems/2.4.0/gems/chef-13.2.20/lib/chef/application/client.rb:441:in `run_application'
/opt/chefdk/embedded/lib/ruby/gems/2.4.0/gems/chef-13.2.20/lib/chef/application.rb:59:in `run'
/opt/chefdk/embedded/lib/ruby/gems/2.4.0/gems/chef-13.2.20/bin/chef-client:26:in `<top (required)>'
/usr/bin/chef-client:263:in `load'
/usr/bin/chef-client:263:in `<main>'